<?xml version="1.0" encoding="UTF-8"?>
<!-- Generated by org.testng.reporters.JUnitXMLReporter -->
<testsuite ignored="2" hostname="Pradeepkulal-PC" failures="1" tests="13" name="Test" time="1000.459" errors="0" timestamp="2024-08-08T14:08:59 IST">
  <testcase classname="Sanity.AddUserPageTest" name="succeffullyCreatingNewUserTest" time="74.112"/>
  <testcase classname="Sanity.AddUserPageTest" name="fieldValidationTestInGeneratePasswordPage" time="69.043"/>
  <testcase classname="Sanity.ForgotPasswordTest" name="emailFieldErrorMessageInForgotPasswordPageTest" time="21.588"/>
  <testcase classname="Sanity.ForgotPasswordTest" name="verifyNavigationToSignInPageFromForgotPasswordPage" time="15.615"/>
  <testcase classname="Sanity.ForgotPasswordTest" name="verifyNavigationToSignUpPageFromForgotPasswordPage" time="16.313"/>
  <testcase classname="Sanity.ForgotPasswordTest" name="verifyInvalidEmailIDErrorNotificationMessagesInForgotPasswordPage" time="17.445"/>
  <testcase classname="Sanity.ForgotPasswordTest" name="verifyTimeDiffrenceBetweenResetPasswordNotificationMessagesInForgotPasswordPage" time="361.299"/>
  <testcase classname="Sanity.ForgotPasswordTest" name="verifyResetPasswordUsingExpiredLink" time="188.187">
    <failure type="java.lang.AssertionError" message="Link is not expired expected [true] but found [false]">
      <![CDATA[java.lang.AssertionError: Link is not expired expected [true] but found [false]
at kycee.PageEvent.GeneratePasswordEvent.verifyExpiredGeneratePasswordPageLink(GeneratePasswordEvent.java:83)
at Sanity.ForgotPasswordTest.verifyResetPasswordUsingExpiredLink(ForgotPasswordTest.java:72)
at java.base/java.util.ArrayList.forEach(ArrayList.java:1511)
... Removed 30 stack frames]]>
    </failure>
  </testcase> <!-- verifyResetPasswordUsingExpiredLink -->
  <testcase classname="Sanity.ForgotPasswordTest" name="verifyFieldErrorMessageInResetPasswordPageTest" time="23.357"/>
  <testcase classname="Sanity.ForgotPasswordTest" name="verifyOldPasswordErrorNotificaationMessagesInResetPasswordField" time="18.445"/>
  <testcase classname="Sanity.ForgotPasswordTest" name="verifySuccessNotificationMessageInResetPasswordPageTestUsingNewLink" time="44.509"/>
  <testcase classname="Sanity.ForgotPasswordTest" name="verifyResetPasswordUsingExpiredLinkAfterResetingPasswordSuccessfuly" time="13.567"/>
  <testcase classname="Sanity.ForgotPasswordTest" name="verifyMaximumAttemptsErrorNotificationMessagesInForgotPasswordPage" time="35.235"/>
  <testcase classname="kycee.Base.BaseClass" name="@AfterTest afterTest" time="0.0">
    <ignored/>
  </testcase> <!-- @AfterTest afterTest -->
  <testcase classname="kycee.Base.BaseClass" name="@BeforeTest beforeTestMethod" time="0.0">
    <ignored/>
  </testcase> <!-- @BeforeTest beforeTestMethod -->
</testsuite> <!-- Test -->
