<?xml version="1.0" encoding="UTF-8"?>
<!-- Generated by org.testng.reporters.JUnitXMLReporter -->
<testsuite ignored="2" hostname="Pradeepkulal-PC" failures="1" tests="13" name="Test" time="1039.736" errors="0" timestamp="2024-08-08T15:00:47 IST">
  <testcase classname="Sanity.AddUserPageTest" name="succeffullyCreatingNewUserTest" time="91.873"/>
  <testcase classname="Sanity.AddUserPageTest" name="fieldValidationTestInGeneratePasswordPage" time="66.26"/>
  <testcase classname="Sanity.ForgotPasswordTest" name="emailFieldErrorMessageInForgotPasswordPageTest" time="20.89"/>
  <testcase classname="Sanity.ForgotPasswordTest" name="verifyNavigationToSignInPageFromForgotPasswordPage" time="18.558"/>
  <testcase classname="Sanity.ForgotPasswordTest" name="verifyNavigationToSignUpPageFromForgotPasswordPage" time="15.84"/>
  <testcase classname="Sanity.ForgotPasswordTest" name="verifyInvalidEmailIDErrorNotificationMessagesInForgotPasswordPage" time="16.458"/>
  <testcase classname="Sanity.ForgotPasswordTest" name="verifyTimeDiffrenceBetweenResetPasswordNotificationMessagesInForgotPasswordPage" time="375.345"/>
  <testcase classname="Sanity.ForgotPasswordTest" name="verifyResetPasswordUsingExpiredLink" time="188.099">
    <failure type="java.lang.AssertionError" message="Link is not expired expected [true] but found [false]">
      <![CDATA[java.lang.AssertionError: Link is not expired expected [true] but found [false]
at kycee.PageEvent.GeneratePasswordEvent.verifyExpiredGeneratePasswordPageLink(GeneratePasswordEvent.java:83)
at Sanity.ForgotPasswordTest.verifyResetPasswordUsingExpiredLink(ForgotPasswordTest.java:72)
at java.base/java.util.ArrayList.forEach(ArrayList.java:1511)
... Removed 34 stack frames]]>
    </failure>
  </testcase> <!-- verifyResetPasswordUsingExpiredLink -->
  <testcase classname="Sanity.ForgotPasswordTest" name="verifyFieldErrorMessageInResetPasswordPageTest" time="22.771"/>
  <testcase classname="Sanity.ForgotPasswordTest" name="verifyOldPasswordErrorNotificaationMessagesInResetPasswordField" time="13.303"/>
  <testcase classname="Sanity.ForgotPasswordTest" name="verifySuccessNotificationMessageInResetPasswordPageTestUsingNewLink" time="46.023"/>
  <testcase classname="Sanity.ForgotPasswordTest" name="verifyResetPasswordUsingExpiredLinkAfterResetingPasswordSuccessfuly" time="11.221"/>
  <testcase classname="Sanity.ForgotPasswordTest" name="verifyMaximumAttemptsErrorNotificationMessagesInForgotPasswordPage" time="31.37"/>
  <testcase classname="kycee.Base.BaseClass" name="@AfterTest afterTest" time="0.0">
    <ignored/>
  </testcase> <!-- @AfterTest afterTest -->
  <testcase classname="kycee.Base.BaseClass" name="@BeforeTest beforeTestMethod" time="0.0">
    <ignored/>
  </testcase> <!-- @BeforeTest beforeTestMethod -->
</testsuite> <!-- Test -->
