<?xml version="1.0" encoding="UTF-8"?>
<!-- Generated by org.testng.reporters.JUnitReportReporter -->
<testsuite hostname="Pradeepkulal-PC" failures="1" tests="11" name="Sanity.ForgotPasswordTest" time="841.351" errors="0" timestamp="2024-08-08T14:08:59 IST" skipped="0">
  <testcase classname="Sanity.ForgotPasswordTest" name="emailFieldErrorMessageInForgotPasswordPageTest" time="31.310"/>
  <testcase classname="Sanity.ForgotPasswordTest" name="verifyNavigationToSignInPageFromForgotPasswordPage" time="25.027"/>
  <testcase classname="Sanity.ForgotPasswordTest" name="verifyNavigationToSignUpPageFromForgotPasswordPage" time="24.017"/>
  <testcase classname="Sanity.ForgotPasswordTest" name="verifyInvalidEmailIDErrorNotificationMessagesInForgotPasswordPage" time="25.220"/>
  <testcase classname="Sanity.ForgotPasswordTest" name="verifyTimeDiffrenceBetweenResetPasswordNotificationMessagesInForgotPasswordPage" time="368.702"/>
  <testcase classname="Sanity.ForgotPasswordTest" name="verifyResetPasswordUsingExpiredLink" time="195.493">
    <failure message="Link is not expired expected [true] but found [false]" type="java.lang.AssertionError">
      <![CDATA[java.lang.AssertionError: Link is not expired expected [true] but found [false]
at org.testng.Assert.fail(Assert.java:111)
at org.testng.Assert.failNotEquals(Assert.java:1578)
at org.testng.Assert.assertTrue(Assert.java:57)
at kycee.PageEvent.GeneratePasswordEvent.verifyExpiredGeneratePasswordPageLink(GeneratePasswordEvent.java:83)
at Sanity.ForgotPasswordTest.verifyResetPasswordUsingExpiredLink(ForgotPasswordTest.java:72)
at java.base/jdk.internal.reflect.NativeMethodAccessorImpl.invoke0(Native Method)
at java.base/jdk.internal.reflect.NativeMethodAccessorImpl.invoke(NativeMethodAccessorImpl.java:77)
at java.base/jdk.internal.reflect.DelegatingMethodAccessorImpl.invoke(DelegatingMethodAccessorImpl.java:43)
at java.base/java.lang.reflect.Method.invoke(Method.java:568)
at org.testng.internal.invokers.MethodInvocationHelper.invokeMethod(MethodInvocationHelper.java:139)
at org.testng.internal.invokers.TestInvoker.invokeMethod(TestInvoker.java:664)
at org.testng.internal.invokers.TestInvoker.invokeTestMethod(TestInvoker.java:228)
at org.testng.internal.invokers.MethodRunner.runInSequence(MethodRunner.java:63)
at org.testng.internal.invokers.TestInvoker$MethodInvocationAgent.invoke(TestInvoker.java:961)
at org.testng.internal.invokers.TestInvoker.invokeTestMethods(TestInvoker.java:201)
at org.testng.internal.invokers.TestMethodWorker.invokeTestMethods(TestMethodWorker.java:148)
at org.testng.internal.invokers.TestMethodWorker.run(TestMethodWorker.java:128)
at java.base/java.util.ArrayList.forEach(ArrayList.java:1511)
at org.testng.TestRunner.privateRun(TestRunner.java:819)
at org.testng.TestRunner.run(TestRunner.java:619)
at org.testng.SuiteRunner.runTest(SuiteRunner.java:443)
at org.testng.SuiteRunner.runSequentially(SuiteRunner.java:437)
at org.testng.SuiteRunner.privateRun(SuiteRunner.java:397)
at org.testng.SuiteRunner.run(SuiteRunner.java:336)
at org.testng.SuiteRunnerWorker.runSuite(SuiteRunnerWorker.java:52)
at org.testng.SuiteRunnerWorker.run(SuiteRunnerWorker.java:95)
at org.testng.TestNG.runSuitesSequentially(TestNG.java:1301)
at org.testng.TestNG.runSuitesLocally(TestNG.java:1228)
at org.testng.TestNG.runSuites(TestNG.java:1134)
at org.testng.TestNG.run(TestNG.java:1101)
at org.testng.remote.AbstractRemoteTestNG.run(AbstractRemoteTestNG.java:115)
at org.testng.remote.RemoteTestNG.initAndRun(RemoteTestNG.java:251)
at org.testng.remote.RemoteTestNG.main(RemoteTestNG.java:77)
]]>
    </failure>
  </testcase> <!-- verifyResetPasswordUsingExpiredLink -->
  <testcase classname="Sanity.ForgotPasswordTest" name="verifyFieldErrorMessageInResetPasswordPageTest" time="30.961"/>
  <testcase classname="Sanity.ForgotPasswordTest" name="verifyOldPasswordErrorNotificaationMessagesInResetPasswordField" time="24.985"/>
  <testcase classname="Sanity.ForgotPasswordTest" name="verifySuccessNotificationMessageInResetPasswordPageTestUsingNewLink" time="52.323"/>
  <testcase classname="Sanity.ForgotPasswordTest" name="verifyResetPasswordUsingExpiredLinkAfterResetingPasswordSuccessfuly" time="21.471"/>
  <testcase classname="Sanity.ForgotPasswordTest" name="verifyMaximumAttemptsErrorNotificationMessagesInForgotPasswordPage" time="41.842"/>
</testsuite> <!-- Sanity.ForgotPasswordTest -->
